stateprogressbar/build/intermediates/manifest_merge_blame_file/debug/manifest-merger-blame-debug-report.txt
1<?xml version="1.0" encoding="utf-8"?>
2<manifest xmlns:android="http://schemas.android.com/apk/res/android"
3    package="com.kofigyan.stateprogressbar"
4    android:versionCode="1"
5    android:versionName="1.0" >
6
7    <uses-sdk
8        android:minSdkVersion="14"
8-->src/main/AndroidManifest.xml
9        android:targetSdkVersion="26" />
9-->src/main/AndroidManifest.xml
10
11    <application android:label="@string/app_name" >
11-->src/main/AndroidManifest.xml:4:5-6:19
11-->src/main/AndroidManifest.xml:4:20-52
12    </application>
13
14</manifest>